Using pre-set license
Built from '2020.2/release' branch; Version is '2020.2.0f1 (3721df5a8b28) revision 3613151'; Using compiler version '192528614'; Build Type 'Release'
OS: 'Windows 10  (10.0.0) 64bit' Language: 'en' Physical Memory: 16165 MB
BatchMode: 1, IsHumanControllingUs: 0, StartBugReporterOnCrash: 0, Is64bit: 1, IsPro: 0

 COMMAND LINE ARGUMENTS:
C:\Program Files\2020.2.0f1\Editor\Unity.exe
-adb2
-batchMode
-noUpm
-name
AssetImportWorker0
-projectPath
C:/2021 Works/Up and Running/Realistic-Visualization_Template/Realistic Visualization with HDRP
-logFile
Logs/AssetImportWorker0.log
-srvPort
58593
Successfully changed project path to: C:/2021 Works/Up and Running/Realistic-Visualization_Template/Realistic Visualization with HDRP
C:/2021 Works/Up and Running/Realistic-Visualization_Template/Realistic Visualization with HDRP
Using Asset Import Pipeline V2.
Refreshing native plugins compatible for Editor in 86.13 ms, found 0 plugins.
Preloading 0 native plugins for Editor in 0.00 ms.
Initialize engine version: 2020.2.0f1 (3721df5a8b28)
[Subsystems] Discovering subsystems at path C:/Program Files/2020.2.0f1/Editor/Data/Resources/UnitySubsystems
[Subsystems] Discovering subsystems at path C:/2021 Works/Up and Running/Realistic-Visualization_Template/Realistic Visualization with HDRP/Assets
GfxDevice: creating device client; threaded=0
Direct3D:
    Version:  Direct3D 11.0 [level 11.1]
    Renderer: Intel(R) Iris(R) Plus Graphics (ID=0x8a52)
    Vendor:   
    VRAM:     8082 MB
    Driver:   26.20.100.7755
Initialize mono
Mono path[0] = 'C:/Program Files/2020.2.0f1/Editor/Data/Managed'
Mono path[1] = 'C:/Program Files/2020.2.0f1/Editor/Data/MonoBleedingEdge/lib/mono/unityjit'
Mono config path = 'C:/Program Files/2020.2.0f1/Editor/Data/MonoBleedingEdge/etc'
Using monoOptions --debugger-agent=transport=dt_socket,embedding=1,server=y,suspend=n,address=127.0.0.1:56192
Begin MonoManager ReloadAssembly
Registering precompiled unity dll's ...
Register platform support module: C:/Program Files/2020.2.0f1/Editor/Data/PlaybackEngines/WebGLSupport/UnityEditor.WebGL.Extensions.dll
Register platform support module: C:/Program Files/2020.2.0f1/Editor/Data/PlaybackEngines/WindowsStandaloneSupport/UnityEditor.WindowsStandalone.Extensions.dll
Registered in 0.005373 seconds.
Native extension for WindowsStandalone target not found
Native extension for WebGL target not found
Refreshing native plugins compatible for Editor in 103.73 ms, found 0 plugins.
Preloading 0 native plugins for Editor in 0.00 ms.
Invoked RoslynAnalysisRunner static constructor.
RoslynAnalysisRunner will not be running.
RoslynAnalysisRunner has terminated.
Mono: successfully reloaded assembly
- Completed reload, in  2.898 seconds
Platform modules already initialized, skipping
Registering precompiled user dll's ...
Registered in 0.002314 seconds.
Begin MonoManager ReloadAssembly
Native extension for WindowsStandalone target not found
Native extension for WebGL target not found
Refreshing native plugins compatible for Editor in 83.24 ms, found 0 plugins.
Preloading 0 native plugins for Editor in 0.00 ms.
Invoked RoslynAnalysisRunner static constructor.
RoslynAnalysisRunner will not be running.
RoslynAnalysisRunner has terminated.
Mono: successfully reloaded assembly
- Completed reload, in  1.468 seconds
Platform modules already initialized, skipping
========================================================================
Worker process is ready to serve import requests
Launched and connected shader compiler UnityShaderCompiler.exe after 0.09 seconds
Refreshing native plugins compatible for Editor in 1.06 ms, found 0 plugins.
Preloading 0 native plugins for Editor in 0.00 ms.
Unloading 3463 Unused Serialized files (Serialized files now loaded: 0)
System memory in use before: 171.8 MB.
System memory in use after: 169.2 MB.

Unloading 43 unused Assets to reduce memory usage. Loaded Objects now: 3892.
Total: 9.594500 ms (FindLiveObjects: 0.667000 ms CreateObjectMapping: 0.450200 ms MarkObjects: 3.877400 ms  DeleteObjects: 4.596000 ms)

========================================================================
Received Import Request.
  path: Assets/_Realistic Visualization/Revit_Final-3DView.fbx
  artifactKey: Guid(b29c934db46f4734299154405310921b) Importer(815301076,1909f56bfc062723c751e8b465ee728b)
Start importing Assets/_Realistic Visualization/Revit_Final-3DView.fbx using Guid(b29c934db46f4734299154405310921b) Importer(815301076,1909f56bfc062723c751e8b465ee728b)  -> (artifact id: 'b60a70899ab6138bd2e350b02a0a9441') in 112.253396 seconds
  Import took 112.385525 seconds .

========================================================================
Received Import Request.
  Time since last request: 65.364116 seconds.
  path: Assets/_Realistic Visualization/Revit_Final-3DView.fbx
  artifactKey: Guid(b29c934db46f4734299154405310921b) Importer(815301076,1909f56bfc062723c751e8b465ee728b)
Start importing Assets/_Realistic Visualization/Revit_Final-3DView.fbx using Guid(b29c934db46f4734299154405310921b) Importer(815301076,1909f56bfc062723c751e8b465ee728b)  -> (artifact id: '76dc3466d290fb72ac6de4162dd27054') in 116.191885 seconds
  Import took 116.349668 seconds .

========================================================================
Received Import Request.
  Time since last request: 213.540372 seconds.
  path: Assets/_Realistic Visualization/Revit_Final-3DView.fbx
  artifactKey: Guid(b29c934db46f4734299154405310921b) Importer(815301076,1909f56bfc062723c751e8b465ee728b)
Start importing Assets/_Realistic Visualization/Revit_Final-3DView.fbx using Guid(b29c934db46f4734299154405310921b) Importer(815301076,1909f56bfc062723c751e8b465ee728b)  -> (artifact id: '438b36302ec44b02f1bab5127f9540d4') in 121.984961 seconds
  Import took 122.181210 seconds .

========================================================================
Received Import Request.
  Time since last request: 54.968369 seconds.
  path: Assets/_Realistic Visualization/Revit_Final-3DView.fbx
  artifactKey: Guid(b29c934db46f4734299154405310921b) Importer(815301076,1909f56bfc062723c751e8b465ee728b)
Start importing Assets/_Realistic Visualization/Revit_Final-3DView.fbx using Guid(b29c934db46f4734299154405310921b) Importer(815301076,1909f56bfc062723c751e8b465ee728b)  -> (artifact id: 'e5b04267ce6117fa8452202714b5620c') in 189.168703 seconds
  Import took 189.443637 seconds .

========================================================================
Received Prepare
Registering precompiled user dll's ...
Registered in 0.002199 seconds.
Begin MonoManager ReloadAssembly
Native extension for WindowsStandalone target not found
Native extension for WebGL target not found
Refreshing native plugins compatible for Editor in 0.83 ms, found 0 plugins.
Preloading 0 native plugins for Editor in 0.00 ms.
Invoked RoslynAnalysisRunner static constructor.
RoslynAnalysisRunner will not be running.
RoslynAnalysisRunner has terminated.
Mono: successfully reloaded assembly
- Completed reload, in  5.301 seconds
Platform modules already initialized, skipping
Refreshing native plugins compatible for Editor in 0.51 ms, found 0 plugins.
Preloading 0 native plugins for Editor in 0.00 ms.
Unloading 3225 Unused Serialized files (Serialized files now loaded: 0)
System memory in use before: 316.6 MB.
System memory in use after: 314.4 MB.

Unloading 33 unused Assets to reduce memory usage. Loaded Objects now: 4068.
Total: 4.638500 ms (FindLiveObjects: 0.601900 ms CreateObjectMapping: 0.188300 ms MarkObjects: 2.083600 ms  DeleteObjects: 1.763800 ms)

AssetImportWorkerClient::OnTransportError - code=2 error=End of file
