Using pre-set license
Built from '2020.2/release' branch; Version is '2020.2.0f1 (3721df5a8b28) revision 3613151'; Using compiler version '192528614'; Build Type 'Release'
OS: 'Windows 10  (10.0.0) 64bit' Language: 'en' Physical Memory: 16165 MB
BatchMode: 1, IsHumanControllingUs: 0, StartBugReporterOnCrash: 0, Is64bit: 1, IsPro: 0

 COMMAND LINE ARGUMENTS:
C:\Program Files\2020.2.0f1\Editor\Unity.exe
-adb2
-batchMode
-noUpm
-name
AssetImportWorker0
-projectPath
C:/2021 Works/Up and Running/Realistic-Visualization_Template/Realistic Visualization with HDRP
-logFile
Logs/AssetImportWorker0.log
-srvPort
63166
Successfully changed project path to: C:/2021 Works/Up and Running/Realistic-Visualization_Template/Realistic Visualization with HDRP
C:/2021 Works/Up and Running/Realistic-Visualization_Template/Realistic Visualization with HDRP
Using Asset Import Pipeline V2.
Refreshing native plugins compatible for Editor in 159.25 ms, found 0 plugins.
Preloading 0 native plugins for Editor in 0.00 ms.
Initialize engine version: 2020.2.0f1 (3721df5a8b28)
[Subsystems] Discovering subsystems at path C:/Program Files/2020.2.0f1/Editor/Data/Resources/UnitySubsystems
[Subsystems] Discovering subsystems at path C:/2021 Works/Up and Running/Realistic-Visualization_Template/Realistic Visualization with HDRP/Assets
GfxDevice: creating device client; threaded=0
Direct3D:
    Version:  Direct3D 11.0 [level 11.1]
    Renderer: Intel(R) Iris(R) Plus Graphics (ID=0x8a52)
    Vendor:   
    VRAM:     8082 MB
    Driver:   26.20.100.7755
Initialize mono
Mono path[0] = 'C:/Program Files/2020.2.0f1/Editor/Data/Managed'
Mono path[1] = 'C:/Program Files/2020.2.0f1/Editor/Data/MonoBleedingEdge/lib/mono/unityjit'
Mono config path = 'C:/Program Files/2020.2.0f1/Editor/Data/MonoBleedingEdge/etc'
Using monoOptions --debugger-agent=transport=dt_socket,embedding=1,server=y,suspend=n,address=127.0.0.1:56060
Begin MonoManager ReloadAssembly
Registering precompiled unity dll's ...
Register platform support module: C:/Program Files/2020.2.0f1/Editor/Data/PlaybackEngines/WebGLSupport/UnityEditor.WebGL.Extensions.dll
Register platform support module: C:/Program Files/2020.2.0f1/Editor/Data/PlaybackEngines/WindowsStandaloneSupport/UnityEditor.WindowsStandalone.Extensions.dll
Registered in 0.006285 seconds.
Native extension for WindowsStandalone target not found
Native extension for WebGL target not found
Refreshing native plugins compatible for Editor in 102.60 ms, found 0 plugins.
Preloading 0 native plugins for Editor in 0.00 ms.
Invoked RoslynAnalysisRunner static constructor.
RoslynAnalysisRunner will not be running.
RoslynAnalysisRunner has terminated.
Mono: successfully reloaded assembly
- Completed reload, in  3.232 seconds
Platform modules already initialized, skipping
Registering precompiled user dll's ...
Registered in 0.003682 seconds.
Begin MonoManager ReloadAssembly
Native extension for WindowsStandalone target not found
Native extension for WebGL target not found
Refreshing native plugins compatible for Editor in 175.82 ms, found 0 plugins.
Preloading 0 native plugins for Editor in 0.00 ms.
Invoked RoslynAnalysisRunner static constructor.
RoslynAnalysisRunner will not be running.
RoslynAnalysisRunner has terminated.
Mono: successfully reloaded assembly
- Completed reload, in  2.454 seconds
Platform modules already initialized, skipping
========================================================================
Worker process is ready to serve import requests
Launched and connected shader compiler UnityShaderCompiler.exe after 0.10 seconds
Refreshing native plugins compatible for Editor in 1.18 ms, found 0 plugins.
Preloading 0 native plugins for Editor in 0.00 ms.
Unloading 3463 Unused Serialized files (Serialized files now loaded: 0)
System memory in use before: 171.7 MB.
System memory in use after: 169.1 MB.

Unloading 43 unused Assets to reduce memory usage. Loaded Objects now: 3892.
Total: 9.293600 ms (FindLiveObjects: 0.776600 ms CreateObjectMapping: 0.414300 ms MarkObjects: 3.757800 ms  DeleteObjects: 4.341900 ms)

========================================================================
Received Import Request.
  path: Assets/_Realistic Visualization/Materials/Ceramic - Tan.mat
  artifactKey: Guid(419d09c280d28364a88a13687a4170c7) Importer(815301076,1909f56bfc062723c751e8b465ee728b)
Start importing Assets/_Realistic Visualization/Materials/Ceramic - Tan.mat using Guid(419d09c280d28364a88a13687a4170c7) Importer(815301076,1909f56bfc062723c751e8b465ee728b)  -> (artifact id: '2615444f39bdd28be3527399e7ba415d') in 1.626254 seconds
  Import took 1.639993 seconds .

========================================================================
Received Import Request.
  Time since last request: 0.000503 seconds.
  path: Assets/_Realistic Visualization/Materials/Chrome.mat
  artifactKey: Guid(c9d193959377cf04db89f481adc08e84) Importer(815301076,1909f56bfc062723c751e8b465ee728b)
Start importing Assets/_Realistic Visualization/Materials/Chrome.mat using Guid(c9d193959377cf04db89f481adc08e84) Importer(815301076,1909f56bfc062723c751e8b465ee728b)  -> (artifact id: '408d20677ad818fa9cd1f51088054c79') in 0.064138 seconds
  Import took 0.076880 seconds .

========================================================================
Received Import Request.
  Time since last request: 0.000411 seconds.
  path: Assets/_Realistic Visualization/Materials/Carpet (1).mat
  artifactKey: Guid(9cab78641754bf94cbd4065e04816d9f) Importer(815301076,1909f56bfc062723c751e8b465ee728b)
Start importing Assets/_Realistic Visualization/Materials/Carpet (1).mat using Guid(9cab78641754bf94cbd4065e04816d9f) Importer(815301076,1909f56bfc062723c751e8b465ee728b)  -> (artifact id: 'f3e13a0b6f89f297bc573c7390d851bc') in 0.056828 seconds
  Import took 0.065499 seconds .

========================================================================
Received Import Request.
  Time since last request: 0.000467 seconds.
  path: Assets/_Realistic Visualization/Materials/Default Roof.mat
  artifactKey: Guid(c490a7e3737752742b34101c3f9dafa7) Importer(815301076,1909f56bfc062723c751e8b465ee728b)
Start importing Assets/_Realistic Visualization/Materials/Default Roof.mat using Guid(c490a7e3737752742b34101c3f9dafa7) Importer(815301076,1909f56bfc062723c751e8b465ee728b)  -> (artifact id: '66e636da30e4d73cf9cbaac323283366') in 0.062119 seconds
  Import took 0.071330 seconds .

========================================================================
Received Import Request.
  Time since last request: 0.000340 seconds.
  path: Assets/_Realistic Visualization/Materials/Ceiling Tile 600 x 600.mat
  artifactKey: Guid(7a4eee713998bf14db39311b1ddc52fa) Importer(815301076,1909f56bfc062723c751e8b465ee728b)
Start importing Assets/_Realistic Visualization/Materials/Ceiling Tile 600 x 600.mat using Guid(7a4eee713998bf14db39311b1ddc52fa) Importer(815301076,1909f56bfc062723c751e8b465ee728b)  -> (artifact id: 'd0d625afcdea43a19b3dc9bf5225159e') in 0.080877 seconds
  Import took 0.096863 seconds .

========================================================================
Received Import Request.
  Time since last request: 0.000342 seconds.
  path: Assets/_Realistic Visualization/Materials/Default.mat
  artifactKey: Guid(0e29700c3019c664b89e65571ab9df06) Importer(815301076,1909f56bfc062723c751e8b465ee728b)
Start importing Assets/_Realistic Visualization/Materials/Default.mat using Guid(0e29700c3019c664b89e65571ab9df06) Importer(815301076,1909f56bfc062723c751e8b465ee728b)  -> (artifact id: 'dd607752e163e7b9236d980fec7eba36') in 0.070406 seconds
  Import took 0.085621 seconds .

========================================================================
Received Import Request.
  Time since last request: 0.000401 seconds.
  path: Assets/_Realistic Visualization/Materials/Concrete - Precast Concrete - 35 MPa.mat
  artifactKey: Guid(43899ffa0f1db124a960ee922b839ef4) Importer(815301076,1909f56bfc062723c751e8b465ee728b)
Start importing Assets/_Realistic Visualization/Materials/Concrete - Precast Concrete - 35 MPa.mat using Guid(43899ffa0f1db124a960ee922b839ef4) Importer(815301076,1909f56bfc062723c751e8b465ee728b)  -> (artifact id: '5260c3a50530f7cda25e58137641870e') in 0.070051 seconds
  Import took 0.085533 seconds .

========================================================================
Received Import Request.
  Time since last request: 0.000395 seconds.
  path: Assets/_Realistic Visualization/Materials/Concrete - Cast In Situ.mat
  artifactKey: Guid(b8ea21a822e80834eaea02c02125dd83) Importer(815301076,1909f56bfc062723c751e8b465ee728b)
Start importing Assets/_Realistic Visualization/Materials/Concrete - Cast In Situ.mat using Guid(b8ea21a822e80834eaea02c02125dd83) Importer(815301076,1909f56bfc062723c751e8b465ee728b)  -> (artifact id: '2d8bab9607bb03d8eb019c180e191f2a') in 0.057650 seconds
  Import took 0.072529 seconds .

========================================================================
Received Import Request.
  Time since last request: 0.001680 seconds.
  path: Assets/_Realistic Visualization/Materials/Concrete - Cast-in-Place Concrete.mat
  artifactKey: Guid(0495d8e61367f9941bd07c863dd07a85) Importer(815301076,1909f56bfc062723c751e8b465ee728b)
Start importing Assets/_Realistic Visualization/Materials/Concrete - Cast-in-Place Concrete.mat using Guid(0495d8e61367f9941bd07c863dd07a85) Importer(815301076,1909f56bfc062723c751e8b465ee728b)  -> (artifact id: 'bf47bd6bd79eef375fd7622c9daaae26') in 0.097659 seconds
  Import took 0.111342 seconds .

========================================================================
Received Import Request.
  Time since last request: 0.000337 seconds.
  path: Assets/_Realistic Visualization/Materials/Default Wall.mat
  artifactKey: Guid(8729b9b9fddbafa4dbc029bdab81f2a2) Importer(815301076,1909f56bfc062723c751e8b465ee728b)
Start importing Assets/_Realistic Visualization/Materials/Default Wall.mat using Guid(8729b9b9fddbafa4dbc029bdab81f2a2) Importer(815301076,1909f56bfc062723c751e8b465ee728b)  -> (artifact id: '836c2040fc587e401e76141608502713') in 0.072318 seconds
  Import took 0.082927 seconds .

========================================================================
Received Import Request.
  Time since last request: 5.618380 seconds.
  path: Assets/_Realistic Visualization/Materials/Door - Frame.mat
  artifactKey: Guid(785d057078725a548895d99a29108455) Importer(815301076,1909f56bfc062723c751e8b465ee728b)
Start importing Assets/_Realistic Visualization/Materials/Door - Frame.mat using Guid(785d057078725a548895d99a29108455) Importer(815301076,1909f56bfc062723c751e8b465ee728b)  -> (artifact id: 'b26cd0b4a0ccd59dc3741f7c15b3748c') in 0.048846 seconds
  Import took 0.056958 seconds .

========================================================================
Received Import Request.
  Time since last request: 0.000295 seconds.
  path: Assets/_Realistic Visualization/Materials/Door - Panel.mat
  artifactKey: Guid(1b26f855674bfd2489f2435b3245e05e) Importer(815301076,1909f56bfc062723c751e8b465ee728b)
Start importing Assets/_Realistic Visualization/Materials/Door - Panel.mat using Guid(1b26f855674bfd2489f2435b3245e05e) Importer(815301076,1909f56bfc062723c751e8b465ee728b)  -> (artifact id: 'e55d354d305d254b694464963e3b51c6') in 0.074113 seconds
  Import took 0.080958 seconds .

========================================================================
Received Import Request.
  Time since last request: 0.000235 seconds.
  path: Assets/_Realistic Visualization/Materials/Fabric - Mesh.mat
  artifactKey: Guid(7b7c0572a08850544a5b6f05d31f5823) Importer(815301076,1909f56bfc062723c751e8b465ee728b)
Start importing Assets/_Realistic Visualization/Materials/Fabric - Mesh.mat using Guid(7b7c0572a08850544a5b6f05d31f5823) Importer(815301076,1909f56bfc062723c751e8b465ee728b)  -> (artifact id: '3c4885dae595dfa7fb1c45c66aedb263') in 0.073284 seconds
  Import took 0.079112 seconds .

========================================================================
Received Import Request.
  Time since last request: 0.490830 seconds.
  path: Assets/_Realistic Visualization/Materials/Generic.mat
  artifactKey: Guid(b090ed90cccc56641b298e808640f028) Importer(815301076,1909f56bfc062723c751e8b465ee728b)
Start importing Assets/_Realistic Visualization/Materials/Generic.mat using Guid(b090ed90cccc56641b298e808640f028) Importer(815301076,1909f56bfc062723c751e8b465ee728b)  -> (artifact id: 'a026bd2c0f238503cc51b84e4fc3ede6') in 0.036067 seconds
  Import took 0.042537 seconds .

========================================================================
Received Import Request.
  Time since last request: 0.000284 seconds.
  path: Assets/_Realistic Visualization/Materials/Glass - White, High Luminance.mat
  artifactKey: Guid(317c364bfea2e3946b68944b1c5f2164) Importer(815301076,1909f56bfc062723c751e8b465ee728b)
Start importing Assets/_Realistic Visualization/Materials/Glass - White, High Luminance.mat using Guid(317c364bfea2e3946b68944b1c5f2164) Importer(815301076,1909f56bfc062723c751e8b465ee728b)  -> (artifact id: 'ae2dff7a7f0116f6e2bb146776245d8d') in 0.076573 seconds
  Import took 0.084197 seconds .

========================================================================
Received Import Request.
  Time since last request: 0.000532 seconds.
  path: Assets/_Realistic Visualization/Materials/Glass - Clear Light.mat
  artifactKey: Guid(0a43631e2eb847747a82c8e5660c8c0d) Importer(815301076,1909f56bfc062723c751e8b465ee728b)
Start importing Assets/_Realistic Visualization/Materials/Glass - Clear Light.mat using Guid(0a43631e2eb847747a82c8e5660c8c0d) Importer(815301076,1909f56bfc062723c751e8b465ee728b)  -> (artifact id: 'bd071987d0dbb3f718e118fd4515d232') in 0.078666 seconds
  Import took 0.086980 seconds .

========================================================================
Received Import Request.
  Time since last request: 1.078785 seconds.
  path: Assets/_Realistic Visualization/Materials/Glass.mat
  artifactKey: Guid(bf18b94fabad0e44b9aee8b6cef9df53) Importer(815301076,1909f56bfc062723c751e8b465ee728b)
Start importing Assets/_Realistic Visualization/Materials/Glass.mat using Guid(bf18b94fabad0e44b9aee8b6cef9df53) Importer(815301076,1909f56bfc062723c751e8b465ee728b)  -> (artifact id: '238bd6bb674354e0ba108863fb70ffcf') in 0.040729 seconds
  Import took 0.050015 seconds .

========================================================================
Received Import Request.
  Time since last request: 0.000294 seconds.
  path: Assets/_Realistic Visualization/Materials/Laminate - Linen, Matte.mat
  artifactKey: Guid(f3e2693603455544cb7cd85640c09fc0) Importer(815301076,1909f56bfc062723c751e8b465ee728b)
Start importing Assets/_Realistic Visualization/Materials/Laminate - Linen, Matte.mat using Guid(f3e2693603455544cb7cd85640c09fc0) Importer(815301076,1909f56bfc062723c751e8b465ee728b)  -> (artifact id: '81af554f9bef6d0c0793ecaba14ea95b') in 0.088026 seconds
  Import took 0.095955 seconds .

========================================================================
Received Import Request.
  Time since last request: 0.000416 seconds.
  path: Assets/_Realistic Visualization/Materials/Leather - Tan.mat
  artifactKey: Guid(ba4b0eacfc735ad48a067675148636d6) Importer(815301076,1909f56bfc062723c751e8b465ee728b)
Start importing Assets/_Realistic Visualization/Materials/Leather - Tan.mat using Guid(ba4b0eacfc735ad48a067675148636d6) Importer(815301076,1909f56bfc062723c751e8b465ee728b)  -> (artifact id: '03ff49a7b7682c92ba4604f0ba943318') in 0.084417 seconds
  Import took 0.092146 seconds .

========================================================================
Received Import Request.
  Time since last request: 0.000257 seconds.
  path: Assets/_Realistic Visualization/Materials/Insulation _ Thermal Barriers - External Wall Insulation.mat
  artifactKey: Guid(ff4e6789771ff7e4b91c49c9c29f47be) Importer(815301076,1909f56bfc062723c751e8b465ee728b)
Start importing Assets/_Realistic Visualization/Materials/Insulation _ Thermal Barriers - External Wall Insulation.mat using Guid(ff4e6789771ff7e4b91c49c9c29f47be) Importer(815301076,1909f56bfc062723c751e8b465ee728b)  -> (artifact id: 'c29dabad4ee7005ca1c2530cbb66fe86') in 0.080510 seconds
  Import took 0.090964 seconds .

========================================================================
Received Import Request.
  Time since last request: 0.000443 seconds.
  path: Assets/_Realistic Visualization/Materials/Leather - Brown, Pebble.mat
  artifactKey: Guid(206cf01f8988fe34298613b2ec5f5391) Importer(815301076,1909f56bfc062723c751e8b465ee728b)
Start importing Assets/_Realistic Visualization/Materials/Leather - Brown, Pebble.mat using Guid(206cf01f8988fe34298613b2ec5f5391) Importer(815301076,1909f56bfc062723c751e8b465ee728b)  -> (artifact id: 'b7b03246a355ef0bc3b15cc7b09d7650') in 0.074279 seconds
  Import took 0.085797 seconds .

========================================================================
Received Import Request.
  Time since last request: 0.000218 seconds.
  path: Assets/_Realistic Visualization/Materials/Masonry - Concrete Block.mat
  artifactKey: Guid(3376943dbd77c7e49808936fba06fe2b) Importer(815301076,1909f56bfc062723c751e8b465ee728b)
Start importing Assets/_Realistic Visualization/Materials/Masonry - Concrete Block.mat using Guid(3376943dbd77c7e49808936fba06fe2b) Importer(815301076,1909f56bfc062723c751e8b465ee728b)  -> (artifact id: '3df34d7d2c3bba308e9ba874fb6e1f8d') in 0.083904 seconds
  Import took 0.091302 seconds .

========================================================================
Received Import Request.
  Time since last request: 1.156351 seconds.
  path: Assets/_Realistic Visualization/Materials/Metal - Aluminium, Black-Anodized.mat
  artifactKey: Guid(df0b522f66d32e8439f0e994a4596eba) Importer(815301076,1909f56bfc062723c751e8b465ee728b)
Start importing Assets/_Realistic Visualization/Materials/Metal - Aluminium, Black-Anodized.mat using Guid(df0b522f66d32e8439f0e994a4596eba) Importer(815301076,1909f56bfc062723c751e8b465ee728b)  -> (artifact id: '410044a6fe453382e6fb12faf4063f8e') in 0.053702 seconds
  Import took 0.062213 seconds .

========================================================================
Received Import Request.
  Time since last request: 0.000408 seconds.
  path: Assets/_Realistic Visualization/Materials/Metal - Aluminum.mat
  artifactKey: Guid(3b878392b6bdf9e429c4b42270b8f35f) Importer(815301076,1909f56bfc062723c751e8b465ee728b)
Start importing Assets/_Realistic Visualization/Materials/Metal - Aluminum.mat using Guid(3b878392b6bdf9e429c4b42270b8f35f) Importer(815301076,1909f56bfc062723c751e8b465ee728b)  -> (artifact id: '71c9fd54085936d1b9f32076eec022f5') in 0.094572 seconds
  Import took 0.100579 seconds .

========================================================================
Received Import Request.
  Time since last request: 0.000249 seconds.
  path: Assets/_Realistic Visualization/Materials/Metal - Bronze.mat
  artifactKey: Guid(5bf191d9f89193441a43d6a22f274096) Importer(815301076,1909f56bfc062723c751e8b465ee728b)
Start importing Assets/_Realistic Visualization/Materials/Metal - Bronze.mat using Guid(5bf191d9f89193441a43d6a22f274096) Importer(815301076,1909f56bfc062723c751e8b465ee728b)  -> (artifact id: '906cbe982b4ed9e342fca87ce613a27e') in 0.092837 seconds
  Import took 0.098908 seconds .

========================================================================
Received Import Request.
  Time since last request: 0.000721 seconds.
  path: Assets/_Realistic Visualization/Materials/Metal - Bronze.mat
  artifactKey: Guid(5bf191d9f89193441a43d6a22f274096) Importer(815301076,1909f56bfc062723c751e8b465ee728b)
Start importing Assets/_Realistic Visualization/Materials/Metal - Bronze.mat using Guid(5bf191d9f89193441a43d6a22f274096) Importer(815301076,1909f56bfc062723c751e8b465ee728b)  -> (artifact id: '906cbe982b4ed9e342fca87ce613a27e') in 0.089969 seconds
  Import took 0.099503 seconds .

========================================================================
Received Import Request.
  Time since last request: 0.000564 seconds.
  path: Assets/_Realistic Visualization/Materials/Metal - Paint Finish - Ivory, Glossy.mat
  artifactKey: Guid(d47138b8c7098a14aa579fb570df6fcd) Importer(815301076,1909f56bfc062723c751e8b465ee728b)
Start importing Assets/_Realistic Visualization/Materials/Metal - Paint Finish - Ivory, Glossy.mat using Guid(d47138b8c7098a14aa579fb570df6fcd) Importer(815301076,1909f56bfc062723c751e8b465ee728b)  -> (artifact id: '439471945dedb8a62c4881a89683a774') in 0.090849 seconds
  Import took 0.099183 seconds .

========================================================================
Received Import Request.
  Time since last request: 0.000455 seconds.
  path: Assets/_Realistic Visualization/Materials/Metal - Chrome.mat
  artifactKey: Guid(83f3115c6fb033943892bf7fbf1f7993) Importer(815301076,1909f56bfc062723c751e8b465ee728b)
Start importing Assets/_Realistic Visualization/Materials/Metal - Chrome.mat using Guid(83f3115c6fb033943892bf7fbf1f7993) Importer(815301076,1909f56bfc062723c751e8b465ee728b)  -> (artifact id: '8d141ed06f7f2e0db5950a553d15acf7') in 0.096097 seconds
  Import took 0.103983 seconds .

========================================================================
Received Import Request.
  Time since last request: 0.000464 seconds.
  path: Assets/_Realistic Visualization/Materials/Metal - Paint Finish - Paint Cafe Matte.mat
  artifactKey: Guid(3b0c0aa0b65441a4aa253b1f4b71d5bb) Importer(815301076,1909f56bfc062723c751e8b465ee728b)
Start importing Assets/_Realistic Visualization/Materials/Metal - Paint Finish - Paint Cafe Matte.mat using Guid(3b0c0aa0b65441a4aa253b1f4b71d5bb) Importer(815301076,1909f56bfc062723c751e8b465ee728b)  -> (artifact id: '38741b668f77e997cab20ecec3b913bf') in 0.096268 seconds
  Import took 0.104602 seconds .

========================================================================
Received Import Request.
  Time since last request: 0.005132 seconds.
  path: Assets/_Realistic Visualization/Materials/Metal - Paint Finish - Paint Cafe Matte.mat
  artifactKey: Guid(3b0c0aa0b65441a4aa253b1f4b71d5bb) Importer(815301076,1909f56bfc062723c751e8b465ee728b)
Start importing Assets/_Realistic Visualization/Materials/Metal - Paint Finish - Paint Cafe Matte.mat using Guid(3b0c0aa0b65441a4aa253b1f4b71d5bb) Importer(815301076,1909f56bfc062723c751e8b465ee728b)  -> (artifact id: '38741b668f77e997cab20ecec3b913bf') in 0.092749 seconds
  Import took 0.103226 seconds .

========================================================================
Received Import Request.
  Time since last request: 0.301004 seconds.
  path: Assets/_Realistic Visualization/Materials/Metal - Steel - 345 MPa.mat
  artifactKey: Guid(0fb6b08e83e64a54784760bee9ef9193) Importer(815301076,1909f56bfc062723c751e8b465ee728b)
Start importing Assets/_Realistic Visualization/Materials/Metal - Steel - 345 MPa.mat using Guid(0fb6b08e83e64a54784760bee9ef9193) Importer(815301076,1909f56bfc062723c751e8b465ee728b)  -> (artifact id: 'd7ef29ac09b7fd52d598e39bfd434d9f') in 0.048324 seconds
  Import took 0.057651 seconds .

========================================================================
Received Import Request.
  Time since last request: 0.000263 seconds.
  path: Assets/_Realistic Visualization/Materials/Metal - Stud Layer.mat
  artifactKey: Guid(42fe7ad0bb8f84b4c8d84c7648c69586) Importer(815301076,1909f56bfc062723c751e8b465ee728b)
Start importing Assets/_Realistic Visualization/Materials/Metal - Stud Layer.mat using Guid(42fe7ad0bb8f84b4c8d84c7648c69586) Importer(815301076,1909f56bfc062723c751e8b465ee728b)  -> (artifact id: '36305485cfcc8fbefc6b998f845cc400') in 0.095231 seconds
  Import took 0.102423 seconds .

========================================================================
Received Import Request.
  Time since last request: 0.000648 seconds.
  path: Assets/_Realistic Visualization/Materials/Metal - Steel - ASTM A992.mat
  artifactKey: Guid(755c29810b9ac504e8dbc13ca0762efb) Importer(815301076,1909f56bfc062723c751e8b465ee728b)
Start importing Assets/_Realistic Visualization/Materials/Metal - Steel - ASTM A992.mat using Guid(755c29810b9ac504e8dbc13ca0762efb) Importer(815301076,1909f56bfc062723c751e8b465ee728b)  -> (artifact id: 'a0d81b5ff8ca20bb5fc7aa3672c949fa') in 0.086342 seconds
  Import took 0.095928 seconds .

========================================================================
Received Import Request.
  Time since last request: 0.696807 seconds.
  path: Assets/_Realistic Visualization/Materials/Metal - Sunscreen.mat
  artifactKey: Guid(f51775abcd2f3024eb23e11dadd38d2f) Importer(815301076,1909f56bfc062723c751e8b465ee728b)
Start importing Assets/_Realistic Visualization/Materials/Metal - Sunscreen.mat using Guid(f51775abcd2f3024eb23e11dadd38d2f) Importer(815301076,1909f56bfc062723c751e8b465ee728b)  -> (artifact id: '4d34f8c555d20781d90c83e5bf1dc2ac') in 0.039578 seconds
  Import took 0.047657 seconds .

========================================================================
Received Import Request.
  Time since last request: 0.000323 seconds.
  path: Assets/_Realistic Visualization/Materials/Paint - Maroon Glossy.mat
  artifactKey: Guid(efa6a87aa8283e6449b4e794607b0b25) Importer(815301076,1909f56bfc062723c751e8b465ee728b)
Start importing Assets/_Realistic Visualization/Materials/Paint - Maroon Glossy.mat using Guid(efa6a87aa8283e6449b4e794607b0b25) Importer(815301076,1909f56bfc062723c751e8b465ee728b)  -> (artifact id: '6cad787287b3c2233647e756b5808d42') in 0.099199 seconds
  Import took 0.108597 seconds .

========================================================================
Received Import Request.
  Time since last request: 0.000481 seconds.
  path: Assets/_Realistic Visualization/Materials/Paint - Golden Wheat.mat
  artifactKey: Guid(1ee5858a1beb4b9449c360bb412a0d17) Importer(815301076,1909f56bfc062723c751e8b465ee728b)
Start importing Assets/_Realistic Visualization/Materials/Paint - Golden Wheat.mat using Guid(1ee5858a1beb4b9449c360bb412a0d17) Importer(815301076,1909f56bfc062723c751e8b465ee728b)  -> (artifact id: '83eae561b9cc7d31edad229062fba8c5') in 0.109278 seconds
  Import took 0.119376 seconds .

========================================================================
Received Import Request.
  Time since last request: 0.292309 seconds.
  path: Assets/_Realistic Visualization/Materials/Parking Stripe.mat
  artifactKey: Guid(c07d7f6b66a3f0840a3400e4518d828b) Importer(815301076,1909f56bfc062723c751e8b465ee728b)
Start importing Assets/_Realistic Visualization/Materials/Parking Stripe.mat using Guid(c07d7f6b66a3f0840a3400e4518d828b) Importer(815301076,1909f56bfc062723c751e8b465ee728b)  -> (artifact id: 'fab9b758f31def99d0a7cc24ee1a25ce') in 0.046999 seconds
  Import took 0.056713 seconds .

========================================================================
Received Import Request.
  Time since last request: 0.000504 seconds.
  path: Assets/_Realistic Visualization/Materials/Plastic - Dark Maroon, Smooth.mat
  artifactKey: Guid(42bd80a7d3603da4290367a19aaa1925) Importer(815301076,1909f56bfc062723c751e8b465ee728b)
Start importing Assets/_Realistic Visualization/Materials/Plastic - Dark Maroon, Smooth.mat using Guid(42bd80a7d3603da4290367a19aaa1925) Importer(815301076,1909f56bfc062723c751e8b465ee728b)  -> (artifact id: '0c7d8343c16073d6f4e42ee771782cba') in 0.101508 seconds
  Import took 0.111713 seconds .

========================================================================
Received Import Request.
  Time since last request: 0.000598 seconds.
  path: Assets/_Realistic Visualization/Materials/Plasterboard.mat
  artifactKey: Guid(c7ec37f7ed185604fbb94be047267aa9) Importer(815301076,1909f56bfc062723c751e8b465ee728b)
Start importing Assets/_Realistic Visualization/Materials/Plasterboard.mat using Guid(c7ec37f7ed185604fbb94be047267aa9) Importer(815301076,1909f56bfc062723c751e8b465ee728b)  -> (artifact id: '0aa01c2e60ed768c3863eb84de368c63') in 0.106182 seconds
  Import took 0.115557 seconds .

AssetImportWorkerClient::OnTransportError - code=2 error=End of file
